<?xml version="1.0" encoding="UTF-8"?>
<testsuite xmlns:xsi="http://www.w3.org/2001/XMLSchema-instance" xsi:noNamespaceSchemaLocation="https://maven.apache.org/surefire/maven-surefire-plugin/xsd/surefire-test-report-3.0.xsd" version="3.0" name="com.demo.items.api.ItemControllerTest" time="5.402" tests="2" errors="0" skipped="0" failures="0">
  <properties>
[...]
</properties>
  <testcase name="create_and_get_item" classname="com.demo.items.api.ItemControllerTest" time="1.778">
    <system-out><![CDATA[23:38:26.255 [main] INFO org.springframework.test.context.support.AnnotationConfigContextLoaderUtils -- Could not detect default configuration classes for test class [com.demo.items.api.ItemControllerTest]: ItemControllerTest does not declare any static, non-private, non-final, nested classes annotated with @Configuration.
23:38:26.500 [main] INFO org.springframework.boot.test.context.SpringBootTestContextBootstrapper -- Found @SpringBootConfiguration com.demo.items.ItemsApplication for test class com.demo.items.api.ItemControllerTest

  .   ____          _            __ _ _
 /\\ / ___'_ __ _ _(_)_ __  __ _ \ \ \ \
( ( )\___ | '_ | '_| | '_ \/ _` | \ \ \ \
 \\/  ___)| |_)| | | | | || (_| |  ) ) ) )
  '  |____| .__|_| |_|_| |_\__, | / / / /
 =========|_|==============|___/=/_/_/_/

 :: Spring Boot ::                (v3.3.4)

2026-02-04 23:38:27.284 [main] INFO  c.demo.items.api.ItemControllerTest - Starting ItemControllerTest using Java 17.0.16 with PID 31508 (started by Friday in C:\Users\Friday\DemoProducts)
2026-02-04 23:38:27.288 [main] INFO  c.demo.items.api.ItemControllerTest - No active profile set, falling back to 1 default profile: "default"
2026-02-04 23:38:29.441 [main] INFO  o.s.b.t.m.w.SpringBootMockServletContext - Initializing Spring TestDispatcherServlet ''
2026-02-04 23:38:29.441 [main] INFO  o.s.t.w.s.TestDispatcherServlet - Initializing Servlet ''
2026-02-04 23:38:29.443 [main] INFO  o.s.t.w.s.TestDispatcherServlet - Completed initialization in 0 ms
2026-02-04 23:38:29.474 [main] INFO  c.demo.items.api.ItemControllerTest - Started ItemControllerTest in 2.65 seconds (process running for 4.962)
2026-02-04 23:38:31.151 [main] INFO  com.demo.items.api.ItemController - Create item request received. name='Netflix Basic Plan'
2026-02-04 23:38:31.153 [main] INFO  c.demo.items.service.ItemServiceImpl - Item persisted. id=0, name='Netflix Basic Plan'
2026-02-04 23:38:31.153 [main] INFO  com.demo.items.api.ItemController - Item created successfully. id=1, name='Netflix Basic Plan'
]]></system-out>
  </testcase>
  <testcase name="validation_error_when_name_missing" classname="com.demo.items.api.ItemControllerTest" time="0.022">
    <system-out><![CDATA[2026-02-04 23:38:31.307 [main] INFO  c.d.i.a.e.GlobalExceptionHandler - 400 Validation failed: {name=name is required}
]]></system-out>
  </testcase>
</testsuite>